[debug] ----------------------------------------------------------------------
[debug] Command:      /usr/local/bin/node /usr/local/bin/firebase deploy
[debug] CLI Version:  3.4.0
[debug] Platform:     darwin
[debug] Node Version: v6.11.1
[debug] Time:         Mon Oct 29 2018 23:03:48 GMT-0700 (PDT)
[debug] ----------------------------------------------------------------------
[debug] 
[debug] > command requires scopes: ["email","openid","https://www.googleapis.com/auth/cloudplatformprojects.readonly","https://www.googleapis.com/auth/firebase"]
[debug] > refreshing access token with scopes: ["email","https://www.googleapis.com/auth/cloudplatformprojects.readonly","https://www.googleapis.com/auth/firebase","openid"]
[debug] >>> HTTP REQUEST POST https://www.googleapis.com/oauth2/v3/token { refresh_token: '1/yZhj7CuYfqBd0GjeiecFvqPGDZvrppEkn6ZUFRH5Xig',
  client_id: '563584335869-fgrhgmd47bqnekij5i8b5pr03ho849e6.apps.googleusercontent.com',
  client_secret: 'j9iVZfS8kkCEFUPaAeJV0sAi',
  grant_type: 'refresh_token',
  scope: 'email https://www.googleapis.com/auth/cloudplatformprojects.readonly https://www.googleapis.com/auth/firebase openid' } 
 Mon Oct 29 2018 23:03:48 GMT-0700 (PDT)
[debug] <<< HTTP RESPONSE 200
[debug] >>> HTTP REQUEST GET https://admin.firebase.com/v1/projects/ali-aijaz  
 Mon Oct 29 2018 23:03:48 GMT-0700 (PDT)
[debug] <<< HTTP RESPONSE 200
[debug] >>> HTTP REQUEST GET https://admin.firebase.com/v1/database/ali-aijaz/tokens  
 Mon Oct 29 2018 23:03:49 GMT-0700 (PDT)
[debug] <<< HTTP RESPONSE 200
[info] 
[info] === Deploying to 'ali-aijaz'...
[info] 
[info] i  deploying database, hosting
[info] ✔  database: rules ready to deploy.
[info] i  hosting: preparing public directory for upload...
[debug] >>> HTTP REQUEST PUT https://deploy.firebase.com/v1/hosting/ali-aijaz/uploads/-LQ2ZYIYuyQ5rOPn04DN?fileCount=119&message=  
 Mon Oct 29 2018 23:03:55 GMT-0700 (PDT)
[debug] Error: socket hang up
    at createHangUpError (_http_client.js:253:15)
    at TLSSocket.socketOnEnd (_http_client.js:345:23)
    at emitNone (events.js:91:20)
    at TLSSocket.emit (events.js:185:7)
    at endReadableNT (_stream_readable.js:974:12)
    at _combinedTickCallback (internal/process/next_tick.js:80:11)
    at process._tickCallback (internal/process/next_tick.js:104:9)
[error] 
[error] Error: Server Error. socket hang up
[debug] ----------------------------------------------------------------------
[debug] Command:      /usr/local/bin/node /usr/local/bin/firebase deploy
[debug] CLI Version:  3.4.0
[debug] Platform:     darwin
[debug] Node Version: v6.11.1
[debug] Time:         Mon Oct 29 2018 23:33:33 GMT-0700 (PDT)
[debug] ----------------------------------------------------------------------
[debug] 
[debug] > command requires scopes: ["email","openid","https://www.googleapis.com/auth/cloudplatformprojects.readonly","https://www.googleapis.com/auth/firebase"]
[debug] >>> HTTP REQUEST GET https://admin.firebase.com/v1/projects/ali-aijaz  
 Mon Oct 29 2018 23:33:33 GMT-0700 (PDT)
[debug] <<< HTTP RESPONSE 200
[debug] >>> HTTP REQUEST GET https://admin.firebase.com/v1/database/ali-aijaz/tokens  
 Mon Oct 29 2018 23:33:34 GMT-0700 (PDT)
[debug] <<< HTTP RESPONSE 200
[info] 
[info] === Deploying to 'ali-aijaz'...
[info] 
[info] i  deploying database, hosting
[info] ✔  database: rules ready to deploy.
[info] i  hosting: preparing public directory for upload...
[debug] >>> HTTP REQUEST PUT https://deploy.firebase.com/v1/hosting/ali-aijaz/uploads/-LQ2fNjbsJR3NLyLG4i-?fileCount=119&message=  
 Mon Oct 29 2018 23:33:51 GMT-0700 (PDT)
[debug] <<< HTTP RESPONSE 410
[debug] <<< HTTP RESPONSE BODY undefined
[debug] TypeError: Cannot read property 'error' of undefined
    at module.exports (/usr/local/lib/node_modules/firebase-tools/lib/responseToError.js:10:12)
    at Request._callback (/usr/local/lib/node_modules/firebase-tools/lib/api.js:39:25)
    at Request.self.callback (/usr/local/lib/node_modules/firebase-tools/node_modules/request/request.js:187:22)
    at emitTwo (events.js:106:13)
    at Request.emit (events.js:191:7)
    at Request.<anonymous> (/usr/local/lib/node_modules/firebase-tools/node_modules/request/request.js:1126:10)
    at emitOne (events.js:96:13)
    at Request.emit (events.js:188:7)
    at IncomingMessage.<anonymous> (/usr/local/lib/node_modules/firebase-tools/node_modules/request/request.js:1046:12)
    at IncomingMessage.g (events.js:292:16)
[error] 
[error] Error: An unexpected error has occurred.
[debug] ----------------------------------------------------------------------
[debug] Command:      /usr/local/bin/node /usr/local/bin/firebase deploy
[debug] CLI Version:  3.4.0
[debug] Platform:     darwin
[debug] Node Version: v6.11.1
[debug] Time:         Mon Oct 29 2018 23:50:10 GMT-0700 (PDT)
[debug] ----------------------------------------------------------------------
[debug] 
[debug] > command requires scopes: ["email","openid","https://www.googleapis.com/auth/cloudplatformprojects.readonly","https://www.googleapis.com/auth/firebase"]
[debug] >>> HTTP REQUEST GET https://admin.firebase.com/v1/projects/ali-aijaz  
 Mon Oct 29 2018 23:50:10 GMT-0700 (PDT)
[debug] <<< HTTP RESPONSE 200
[debug] >>> HTTP REQUEST GET https://admin.firebase.com/v1/database/ali-aijaz/tokens  
 Mon Oct 29 2018 23:50:11 GMT-0700 (PDT)
[debug] <<< HTTP RESPONSE 200
[info] 
[info] === Deploying to 'ali-aijaz'...
[info] 
[info] i  deploying database, hosting
[info] ✔  database: rules ready to deploy.
[info] i  hosting: preparing public directory for upload...
